This file contains any messages produced by compilers while
running configure, to aid debugging if configure makes a mistake.

It was created by configure, which was
generated by GNU Autoconf 2.69.  Invocation command line was

  $ ./configure 

## --------- ##
## Platform. ##
## --------- ##

hostname = openbsd.colum.site
uname -m = i386
uname -r = 5.9
uname -s = OpenBSD
uname -v = GENERIC#1561

/usr/bin/uname -p = i386
/bin/uname -X     = unknown

/bin/arch              = unknown
/usr/bin/arch -k       = OpenBSD.i386
/usr/convex/getsysinfo = unknown
/usr/bin/hostinfo      = unknown
/bin/machine           = unknown
/usr/bin/oslevel       = unknown
/bin/universe          = unknown

PATH: /home/colum/bin
PATH: /bin
PATH: /sbin
PATH: /usr/bin
PATH: /usr/sbin
PATH: /usr/X11R6/bin
PATH: /usr/local/bin
PATH: /usr/local/sbin
PATH: /usr/games
PATH: .


## ----------- ##
## Core tests. ##
## ----------- ##

configure:1958: checking for gcc
configure:1974: found /usr/bin/gcc
configure:1985: result: gcc
configure:2214: checking for C compiler version
configure:2223: gcc --version >&5
gcc (GCC) 4.2.1 20070719 
Copyright (C) 2007 Free Software Foundation, Inc.
This is free software; see the source for copying conditions.  There is NO
warranty; not even for MERCHANTABILITY or FITNESS FOR A PARTICULAR PURPOSE.

configure:2234: $? = 0
configure:2223: gcc -v >&5
Reading specs from /usr/lib/gcc-lib/i386-unknown-openbsd5.9/4.2.1/specs
Target: i386-unknown-openbsd5.9
Configured with: OpenBSD/i386 system compiler
Thread model: posix
gcc version 4.2.1 20070719 
configure:2234: $? = 0
configure:2223: gcc -V >&5
gcc: '-V' option must have argument
configure:2234: $? = 1
configure:2223: gcc -qversion >&5
gcc: unrecognized option '-qversion'
gcc: no input files
configure:2234: $? = 1
configure:2254: checking whether the C compiler works
configure:2276: gcc    conftest.c  >&5
configure:2280: $? = 0
configure:2328: result: yes
configure:2331: checking for C compiler default output file name
configure:2333: result: a.out
configure:2339: checking for suffix of executables
configure:2346: gcc -o conftest    conftest.c  >&5
configure:2350: $? = 0
configure:2372: result: 
configure:2394: checking whether we are cross compiling
configure:2402: gcc -o conftest    conftest.c  >&5
configure:2406: $? = 0
configure:2413: ./conftest
configure:2417: $? = 0
configure:2432: result: no
configure:2437: checking for suffix of object files
configure:2459: gcc -c   conftest.c >&5
configure:2463: $? = 0
configure:2484: result: o
configure:2488: checking whether we are using the GNU C compiler
configure:2507: gcc -c   conftest.c >&5
configure:2507: $? = 0
configure:2516: result: yes
configure:2525: checking whether gcc accepts -g
configure:2545: gcc -c -g  conftest.c >&5
configure:2545: $? = 0
configure:2586: result: yes
configure:2603: checking for gcc option to accept ISO C89
configure:2666: gcc  -c -g -O2  conftest.c >&5
configure:2666: $? = 0
configure:2679: result: none needed
configure:2705: checking whether make sets $(MAKE)
configure:2727: result: yes
configure:2750: checking for a BSD-compatible install
configure:2818: result: /usr/bin/install -c
configure:2835: checking how to run the C preprocessor
configure:2866: gcc -E  conftest.c
configure:2866: $? = 0
configure:2880: gcc -E  conftest.c
conftest.c:9:28: error: ac_nonexistent.h: No such file or directory
configure:2880: $? = 1
configure: failed program was:
| /* confdefs.h */
| #define PACKAGE_NAME ""
| #define PACKAGE_TARNAME ""
| #define PACKAGE_VERSION ""
| #define PACKAGE_STRING ""
| #define PACKAGE_BUGREPORT ""
| #define PACKAGE_URL ""
| /* end confdefs.h.  */
| #include <ac_nonexistent.h>
configure:2905: result: gcc -E
configure:2925: gcc -E  conftest.c
configure:2925: $? = 0
configure:2939: gcc -E  conftest.c
conftest.c:9:28: error: ac_nonexistent.h: No such file or directory
configure:2939: $? = 1
configure: failed program was:
| /* confdefs.h */
| #define PACKAGE_NAME ""
| #define PACKAGE_TARNAME ""
| #define PACKAGE_VERSION ""
| #define PACKAGE_STRING ""
| #define PACKAGE_BUGREPORT ""
| #define PACKAGE_URL ""
| /* end confdefs.h.  */
| #include <ac_nonexistent.h>
configure:2968: checking for grep that handles long lines and -e
configure:3026: result: /usr/bin/grep
configure:3031: checking for egrep
configure:3093: result: /usr/bin/grep -E
configure:3098: checking for ANSI C header files
configure:3118: gcc -c -g -O2  conftest.c >&5
configure:3118: $? = 0
configure:3191: gcc -o conftest -g -O2   conftest.c  >&5
configure:3191: $? = 0
configure:3191: ./conftest
configure:3191: $? = 0
configure:3202: result: yes
configure:3211: checking for deflate in -lz
configure:3236: gcc -o conftest -g -O2   conftest.c -lz   >&5
configure:3236: $? = 0
configure:3245: result: yes
configure:3527: creating ./config.status

## ---------------------- ##
## Running config.status. ##
## ---------------------- ##

This file was extended by config.status, which was
generated by GNU Autoconf 2.69.  Invocation command line was

  CONFIG_FILES    = 
  CONFIG_HEADERS  = 
  CONFIG_LINKS    = 
  CONFIG_COMMANDS = 
  $ ./config.status 

on openbsd.colum.site

config.status:729: creating Makefile
configure:4604: === configuring in libUseful-2.4 (/home/colum/Movgrab/libUseful-2.4)
configure:4667: running /bin/sh ./configure --disable-option-checking '--prefix=/usr/local'  --cache-file=/dev/null --srcdir=.

## ---------------- ##
## Cache variables. ##
## ---------------- ##

ac_cv_c_compiler_gnu=yes
ac_cv_env_CC_set=
ac_cv_env_CC_value=
ac_cv_env_CFLAGS_set=
ac_cv_env_CFLAGS_value=
ac_cv_env_CPPFLAGS_set=
ac_cv_env_CPPFLAGS_value=
ac_cv_env_CPP_set=
ac_cv_env_CPP_value=
ac_cv_env_LDFLAGS_set=
ac_cv_env_LDFLAGS_value=
ac_cv_env_LIBS_set=
ac_cv_env_LIBS_value=
ac_cv_env_build_alias_set=
ac_cv_env_build_alias_value=
ac_cv_env_host_alias_set=
ac_cv_env_host_alias_value=
ac_cv_env_target_alias_set=
ac_cv_env_target_alias_value=
ac_cv_header_stdc=yes
ac_cv_lib_z_deflate=yes
ac_cv_objext=o
ac_cv_path_EGREP='/usr/bin/grep -E'
ac_cv_path_GREP=/usr/bin/grep
ac_cv_path_install='/usr/bin/install -c'
ac_cv_prog_CPP='gcc -E'
ac_cv_prog_ac_ct_CC=gcc
ac_cv_prog_cc_c89=
ac_cv_prog_cc_g=yes
ac_cv_prog_make_make_set=yes

## ----------------- ##
## Output variables. ##
## ----------------- ##

CC='gcc'
CFLAGS='-g -O2'
CPP='gcc -E'
CPPFLAGS=''
DEFS='-DPACKAGE_NAME=\"\" -DPACKAGE_TARNAME=\"\" -DPACKAGE_VERSION=\"\" -DPACKAGE_STRING=\"\" -DPACKAGE_BUGREPORT=\"\" -DPACKAGE_URL=\"\" -DSTDC_HEADERS=1 -DHAVE_LIBZ=1 -D_LARGEFILE64_SOURCE=1 -D_FILE_OFFSET_BITS=64'
ECHO_C=''
ECHO_N='-n'
ECHO_T=''
EGREP='/usr/bin/grep -E'
EXEEXT=''
GREP='/usr/bin/grep'
INSTALL_DATA='${INSTALL} -m 644'
INSTALL_PROGRAM='${INSTALL}'
INSTALL_SCRIPT='${INSTALL}'
LDFLAGS=''
LIBOBJS=''
LIBS='-lz '
LTLIBOBJS=''
OBJEXT='o'
PACKAGE_BUGREPORT=''
PACKAGE_NAME=''
PACKAGE_STRING=''
PACKAGE_TARNAME=''
PACKAGE_URL=''
PACKAGE_VERSION=''
PATH_SEPARATOR=':'
SET_MAKE=''
SHELL='/bin/sh'
VERSION='1.2.1'
ac_ct_CC='gcc'
bindir='${exec_prefix}/bin'
build_alias=''
datadir='${datarootdir}'
datarootdir='${prefix}/share'
docdir='${datarootdir}/doc/${PACKAGE}'
dvidir='${docdir}'
exec_prefix='${prefix}'
host_alias=''
htmldir='${docdir}'
includedir='${prefix}/include'
infodir='${datarootdir}/info'
libdir='${exec_prefix}/lib'
libexecdir='${exec_prefix}/libexec'
localedir='${datarootdir}/locale'
localstatedir='${prefix}/var'
mandir='${datarootdir}/man'
oldincludedir='/usr/include'
pdfdir='${docdir}'
prefix='/usr/local'
program_transform_name='s,x,x,'
psdir='${docdir}'
sbindir='${exec_prefix}/sbin'
sharedstatedir='${prefix}/com'
subdirs=' libUseful-2.4'
sysconfdir='${prefix}/etc'
target_alias=''

## ----------- ##
## confdefs.h. ##
## ----------- ##

/* confdefs.h */
#define PACKAGE_NAME ""
#define PACKAGE_TARNAME ""
#define PACKAGE_VERSION ""
#define PACKAGE_STRING ""
#define PACKAGE_BUGREPORT ""
#define PACKAGE_URL ""
#define STDC_HEADERS 1
#define HAVE_LIBZ 1
#define _LARGEFILE64_SOURCE 1
#define _FILE_OFFSET_BITS 64

configure: exit 0
