This file contains any messages produced by compilers while
running configure, to aid debugging if configure makes a mistake.

It was created by configure, which was
generated by GNU Autoconf 2.69.  Invocation command line was

  $ ./configure --disable-option-checking --prefix=/usr/local --enable-ssl --cache-file=/dev/null --srcdir=.

## --------- ##
## Platform. ##
## --------- ##

hostname = latitude
uname -m = i686
uname -r = 4.8.6-486
uname -s = Linux
uname -v = #5 Tue Nov 15 13:59:32 UTC 2016

/usr/bin/uname -p = unknown
/bin/uname -X     = unknown

/bin/arch              = unknown
/usr/bin/arch -k       = unknown
/usr/convex/getsysinfo = unknown
/usr/bin/hostinfo      = unknown
/bin/machine           = unknown
/usr/bin/oslevel       = unknown
/bin/universe          = unknown

PATH: /usr/prebin
PATH: /usr/local/bin
PATH: /usr/bin
PATH: /usr/X11R7/bin
PATH: /bin
PATH: /usr/games/bin
PATH: /opt/wine-1.7.49/bin
PATH: /opt/git-2.11.0/bin
PATH: /opt/perl-5.20.1/bin


## ----------- ##
## Core tests. ##
## ----------- ##

configure:2148: checking for gcc
configure:2164: found /usr/bin/gcc
configure:2175: result: gcc
configure:2404: checking for C compiler version
configure:2413: gcc --version >&5
gcc (GCC) 4.9.2
Copyright (C) 2014 Free Software Foundation, Inc.
This is free software; see the source for copying conditions.  There is NO
warranty; not even for MERCHANTABILITY or FITNESS FOR A PARTICULAR PURPOSE.

configure:2424: $? = 0
configure:2413: gcc -v >&5
Using built-in specs.
COLLECT_GCC=gcc
COLLECT_LTO_WRAPPER=/usr/libexec/gcc/i486-pc-linux-gnu/4.9.2/lto-wrapper
Target: i486-pc-linux-gnu
Configured with: ../gcc-4.9.2-src/configure --prefix=/usr --sysconfdir=/etc --includedir=/usr/include --localstatedir=/var --mandir=/usr/share/man --infodir=/usr/share/info --enable-languages=c,c++ --host=i486-pc-linux-gnu --build=i486-pc-linux-gnu --target=i486-pc-linux-gnu --enable-bootstrap
Thread model: posix
gcc version 4.9.2 (GCC) 
configure:2424: $? = 0
configure:2413: gcc -V >&5
gcc: error: unrecognized command line option '-V'
gcc: fatal error: no input files
compilation terminated.
configure:2424: $? = 1
configure:2413: gcc -qversion >&5
gcc: error: unrecognized command line option '-qversion'
gcc: fatal error: no input files
compilation terminated.
configure:2424: $? = 1
configure:2444: checking whether the C compiler works
configure:2466: gcc    conftest.c  >&5
configure:2470: $? = 0
configure:2518: result: yes
configure:2521: checking for C compiler default output file name
configure:2523: result: a.out
configure:2529: checking for suffix of executables
configure:2536: gcc -o conftest    conftest.c  >&5
configure:2540: $? = 0
configure:2562: result: 
configure:2584: checking whether we are cross compiling
configure:2592: gcc -o conftest    conftest.c  >&5
configure:2596: $? = 0
configure:2603: ./conftest
configure:2607: $? = 0
configure:2622: result: no
configure:2627: checking for suffix of object files
configure:2649: gcc -c   conftest.c >&5
configure:2653: $? = 0
configure:2674: result: o
configure:2678: checking whether we are using the GNU C compiler
configure:2697: gcc -c   conftest.c >&5
configure:2697: $? = 0
configure:2706: result: yes
configure:2715: checking whether gcc accepts -g
configure:2735: gcc -c -g  conftest.c >&5
configure:2735: $? = 0
configure:2776: result: yes
configure:2793: checking for gcc option to accept ISO C89
configure:2856: gcc  -c -g -O2  conftest.c >&5
configure:2856: $? = 0
configure:2869: result: none needed
configure:2895: checking whether make sets $(MAKE)
configure:2917: result: yes
configure:2932: checking how to run the C preprocessor
configure:2963: gcc -E  conftest.c
configure:2963: $? = 0
configure:2977: gcc -E  conftest.c
conftest.c:9:28: fatal error: ac_nonexistent.h: No such file or directory
 #include <ac_nonexistent.h>
                            ^
compilation terminated.
configure:2977: $? = 1
configure: failed program was:
| /* confdefs.h */
| #define PACKAGE_NAME ""
| #define PACKAGE_TARNAME ""
| #define PACKAGE_VERSION ""
| #define PACKAGE_STRING ""
| #define PACKAGE_BUGREPORT ""
| #define PACKAGE_URL ""
| /* end confdefs.h.  */
| #include <ac_nonexistent.h>
configure:3002: result: gcc -E
configure:3022: gcc -E  conftest.c
configure:3022: $? = 0
configure:3036: gcc -E  conftest.c
conftest.c:9:28: fatal error: ac_nonexistent.h: No such file or directory
 #include <ac_nonexistent.h>
                            ^
compilation terminated.
configure:3036: $? = 1
configure: failed program was:
| /* confdefs.h */
| #define PACKAGE_NAME ""
| #define PACKAGE_TARNAME ""
| #define PACKAGE_VERSION ""
| #define PACKAGE_STRING ""
| #define PACKAGE_BUGREPORT ""
| #define PACKAGE_URL ""
| /* end confdefs.h.  */
| #include <ac_nonexistent.h>
configure:3065: checking for grep that handles long lines and -e
configure:3123: result: /bin/grep
configure:3128: checking for egrep
configure:3190: result: /bin/grep -E
configure:3195: checking for ANSI C header files
configure:3215: gcc -c -g -O2  conftest.c >&5
configure:3215: $? = 0
configure:3288: gcc -o conftest -g -O2   conftest.c  >&5
configure:3288: $? = 0
configure:3288: ./conftest
configure:3288: $? = 0
configure:3299: result: yes
configure:3314: checking for special C compiler options needed for large files
configure:3359: result: no
configure:3365: checking for _FILE_OFFSET_BITS value needed for large files
configure:3390: gcc -c -g -O2  conftest.c >&5
conftest.c:16:3: warning: left shift count >= width of type
   int off_t_is_large[(LARGE_OFF_T % 2147483629 == 721
   ^
conftest.c:16:3: warning: left shift count >= width of type
conftest.c:17:10: warning: left shift count >= width of type
          && LARGE_OFF_T % 2147483647 == 1)
          ^
conftest.c:17:10: warning: left shift count >= width of type
conftest.c:16:7: error: variably modified 'off_t_is_large' at file scope
   int off_t_is_large[(LARGE_OFF_T % 2147483629 == 721
       ^
configure:3390: $? = 1
configure: failed program was:
| /* confdefs.h */
| #define PACKAGE_NAME ""
| #define PACKAGE_TARNAME ""
| #define PACKAGE_VERSION ""
| #define PACKAGE_STRING ""
| #define PACKAGE_BUGREPORT ""
| #define PACKAGE_URL ""
| #define STDC_HEADERS 1
| /* end confdefs.h.  */
| #include <sys/types.h>
|  /* Check that off_t can represent 2**63 - 1 correctly.
|     We can't simply define LARGE_OFF_T to be 9223372036854775807,
|     since some C++ compilers masquerading as C compilers
|     incorrectly reject 9223372036854775807.  */
| #define LARGE_OFF_T (((off_t) 1 << 62) - 1 + ((off_t) 1 << 62))
|   int off_t_is_large[(LARGE_OFF_T % 2147483629 == 721
| 		       && LARGE_OFF_T % 2147483647 == 1)
| 		      ? 1 : -1];
| int
| main ()
| {
| 
|   ;
|   return 0;
| }
configure:3414: gcc -c -g -O2  conftest.c >&5
configure:3414: $? = 0
configure:3422: result: 64
configure:3517: checking for ptsname_r in -lc
configure:3542: gcc -o conftest -g -O2   conftest.c -lc   >&5
configure:3542: $? = 0
configure:3551: result: yes
configure:3583: checking for sys/types.h
configure:3583: gcc -c -g -O2  conftest.c >&5
configure:3583: $? = 0
configure:3583: result: yes
configure:3583: checking for sys/stat.h
configure:3583: gcc -c -g -O2  conftest.c >&5
configure:3583: $? = 0
configure:3583: result: yes
configure:3583: checking for stdlib.h
configure:3583: gcc -c -g -O2  conftest.c >&5
configure:3583: $? = 0
configure:3583: result: yes
configure:3583: checking for string.h
configure:3583: gcc -c -g -O2  conftest.c >&5
configure:3583: $? = 0
configure:3583: result: yes
configure:3583: checking for memory.h
configure:3583: gcc -c -g -O2  conftest.c >&5
configure:3583: $? = 0
configure:3583: result: yes
configure:3583: checking for strings.h
configure:3583: gcc -c -g -O2  conftest.c >&5
configure:3583: $? = 0
configure:3583: result: yes
configure:3583: checking for inttypes.h
configure:3583: gcc -c -g -O2  conftest.c >&5
configure:3583: $? = 0
configure:3583: result: yes
configure:3583: checking for stdint.h
configure:3583: gcc -c -g -O2  conftest.c >&5
configure:3583: $? = 0
configure:3583: result: yes
configure:3583: checking for unistd.h
configure:3583: gcc -c -g -O2  conftest.c >&5
configure:3583: $? = 0
configure:3583: result: yes
configure:3595: checking sys/sendfile.h usability
configure:3595: gcc -c -g -O2  conftest.c >&5
configure:3595: $? = 0
configure:3595: result: yes
configure:3595: checking sys/sendfile.h presence
configure:3595: gcc -E  conftest.c
configure:3595: $? = 0
configure:3595: result: yes
configure:3595: checking for sys/sendfile.h
configure:3595: result: yes
configure:3634: checking for SSL_library_init in -lssl
configure:3659: gcc -o conftest -g -O2   conftest.c -lssl  -lc  >&5
configure:3659: $? = 0
configure:3668: result: yes
configure:3681: checking for EVP_CIPHER_CTX_init in -lcrypto
configure:3706: gcc -o conftest -g -O2   conftest.c -lcrypto  -lssl -lc  >&5
configure:3706: $? = 0
configure:3715: result: yes
configure:3731: checking for OpenSSL_add_all_algorithms
configure:3731: gcc -o conftest -g -O2   conftest.c -lcrypto -lssl -lc  >&5
/tmp/cc4YRzqx.o: In function `main':
/home/colum/Movgrab/libUseful-2.6/conftest.c:59: undefined reference to `OpenSSL_add_all_algorithms'
collect2: error: ld returned 1 exit status
configure:3731: $? = 1
configure: failed program was:
| /* confdefs.h */
| #define PACKAGE_NAME ""
| #define PACKAGE_TARNAME ""
| #define PACKAGE_VERSION ""
| #define PACKAGE_STRING ""
| #define PACKAGE_BUGREPORT ""
| #define PACKAGE_URL ""
| #define STDC_HEADERS 1
| #define _FILE_OFFSET_BITS 64
| #define HAVE_LIBC 1
| #define HAVE_PTSNAME_R 1
| #define HAVE_SYS_TYPES_H 1
| #define HAVE_SYS_STAT_H 1
| #define HAVE_STDLIB_H 1
| #define HAVE_STRING_H 1
| #define HAVE_MEMORY_H 1
| #define HAVE_STRINGS_H 1
| #define HAVE_INTTYPES_H 1
| #define HAVE_STDINT_H 1
| #define HAVE_UNISTD_H 1
| #define USE_SENDFILE 1
| #define HAVE_LIBSSL 1
| #define HAVE_LIBCRYPTO 1
| /* end confdefs.h.  */
| /* Define OpenSSL_add_all_algorithms to an innocuous variant, in case <limits.h> declares OpenSSL_add_all_algorithms.
|    For example, HP-UX 11i <limits.h> declares gettimeofday.  */
| #define OpenSSL_add_all_algorithms innocuous_OpenSSL_add_all_algorithms
| 
| /* System header to define __stub macros and hopefully few prototypes,
|     which can conflict with char OpenSSL_add_all_algorithms (); below.
|     Prefer <limits.h> to <assert.h> if __STDC__ is defined, since
|     <limits.h> exists even on freestanding compilers.  */
| 
| #ifdef __STDC__
| # include <limits.h>
| #else
| # include <assert.h>
| #endif
| 
| #undef OpenSSL_add_all_algorithms
| 
| /* Override any GCC internal prototype to avoid an error.
|    Use char because int might match the return type of a GCC
|    builtin and then its argument prototype would still apply.  */
| #ifdef __cplusplus
| extern "C"
| #endif
| char OpenSSL_add_all_algorithms ();
| /* The GNU C library defines this for functions which it implements
|     to always fail with ENOSYS.  Some functions are actually named
|     something starting with __ and the normal name is an alias.  */
| #if defined __stub_OpenSSL_add_all_algorithms || defined __stub___OpenSSL_add_all_algorithms
| choke me
| #endif
| 
| int
| main ()
| {
| return OpenSSL_add_all_algorithms ();
|   ;
|   return 0;
| }
configure:3731: result: no
configure:3731: checking for EVP_bf_cbc
configure:3731: gcc -o conftest -g -O2   conftest.c -lcrypto -lssl -lc  >&5
configure:3731: $? = 0
configure:3731: result: yes
configure:3731: checking for EVP_rc2_cbc
configure:3731: gcc -o conftest -g -O2   conftest.c -lcrypto -lssl -lc  >&5
configure:3731: $? = 0
configure:3731: result: yes
configure:3731: checking for EVP_rc4
configure:3731: gcc -o conftest -g -O2   conftest.c -lcrypto -lssl -lc  >&5
configure:3731: $? = 0
configure:3731: result: yes
configure:3731: checking for EVP_rc5_32_12_16_cbc
configure:3731: gcc -o conftest -g -O2   conftest.c -lcrypto -lssl -lc  >&5
/tmp/cc8vEfTw.o: In function `main':
/home/colum/Movgrab/libUseful-2.6/conftest.c:62: undefined reference to `EVP_rc5_32_12_16_cbc'
collect2: error: ld returned 1 exit status
configure:3731: $? = 1
configure: failed program was:
| /* confdefs.h */
| #define PACKAGE_NAME ""
| #define PACKAGE_TARNAME ""
| #define PACKAGE_VERSION ""
| #define PACKAGE_STRING ""
| #define PACKAGE_BUGREPORT ""
| #define PACKAGE_URL ""
| #define STDC_HEADERS 1
| #define _FILE_OFFSET_BITS 64
| #define HAVE_LIBC 1
| #define HAVE_PTSNAME_R 1
| #define HAVE_SYS_TYPES_H 1
| #define HAVE_SYS_STAT_H 1
| #define HAVE_STDLIB_H 1
| #define HAVE_STRING_H 1
| #define HAVE_MEMORY_H 1
| #define HAVE_STRINGS_H 1
| #define HAVE_INTTYPES_H 1
| #define HAVE_STDINT_H 1
| #define HAVE_UNISTD_H 1
| #define USE_SENDFILE 1
| #define HAVE_LIBSSL 1
| #define HAVE_LIBCRYPTO 1
| #define HAVE_EVP_BF_CBC 1
| #define HAVE_EVP_RC2_CBC 1
| #define HAVE_EVP_RC4 1
| /* end confdefs.h.  */
| /* Define EVP_rc5_32_12_16_cbc to an innocuous variant, in case <limits.h> declares EVP_rc5_32_12_16_cbc.
|    For example, HP-UX 11i <limits.h> declares gettimeofday.  */
| #define EVP_rc5_32_12_16_cbc innocuous_EVP_rc5_32_12_16_cbc
| 
| /* System header to define __stub macros and hopefully few prototypes,
|     which can conflict with char EVP_rc5_32_12_16_cbc (); below.
|     Prefer <limits.h> to <assert.h> if __STDC__ is defined, since
|     <limits.h> exists even on freestanding compilers.  */
| 
| #ifdef __STDC__
| # include <limits.h>
| #else
| # include <assert.h>
| #endif
| 
| #undef EVP_rc5_32_12_16_cbc
| 
| /* Override any GCC internal prototype to avoid an error.
|    Use char because int might match the return type of a GCC
|    builtin and then its argument prototype would still apply.  */
| #ifdef __cplusplus
| extern "C"
| #endif
| char EVP_rc5_32_12_16_cbc ();
| /* The GNU C library defines this for functions which it implements
|     to always fail with ENOSYS.  Some functions are actually named
|     something starting with __ and the normal name is an alias.  */
| #if defined __stub_EVP_rc5_32_12_16_cbc || defined __stub___EVP_rc5_32_12_16_cbc
| choke me
| #endif
| 
| int
| main ()
| {
| return EVP_rc5_32_12_16_cbc ();
|   ;
|   return 0;
| }
configure:3731: result: no
configure:3731: checking for EVP_des_cbc
configure:3731: gcc -o conftest -g -O2   conftest.c -lcrypto -lssl -lc  >&5
configure:3731: $? = 0
configure:3731: result: yes
configure:3731: checking for EVP_desx_cbc
configure:3731: gcc -o conftest -g -O2   conftest.c -lcrypto -lssl -lc  >&5
configure:3731: $? = 0
configure:3731: result: yes
configure:3731: checking for EVP_cast5_cbc
configure:3731: gcc -o conftest -g -O2   conftest.c -lcrypto -lssl -lc  >&5
configure:3731: $? = 0
configure:3731: result: yes
configure:3731: checking for EVP_idea_cbc
configure:3731: gcc -o conftest -g -O2   conftest.c -lcrypto -lssl -lc  >&5
configure:3731: $? = 0
configure:3731: result: yes
configure:3731: checking for EVP_aes_128_cbc
configure:3731: gcc -o conftest -g -O2   conftest.c -lcrypto -lssl -lc  >&5
configure:3731: $? = 0
configure:3731: result: yes
configure:3731: checking for EVP_aes_256_cbc
configure:3731: gcc -o conftest -g -O2   conftest.c -lcrypto -lssl -lc  >&5
configure:3731: $? = 0
configure:3731: result: yes
configure:3741: checking that OpenSSL Library is at least version 0.9.7
configure:3755: result: yes
configure:3842: checking sys/soundcard.h usability
configure:3842: gcc -c -g -O2  conftest.c >&5
configure:3842: $? = 0
configure:3842: result: yes
configure:3842: checking sys/soundcard.h presence
configure:3842: gcc -E  conftest.c
configure:3842: $? = 0
configure:3842: result: yes
configure:3842: checking for sys/soundcard.h
configure:3842: result: yes
configure:4058: creating ./config.status

## ---------------------- ##
## Running config.status. ##
## ---------------------- ##

This file was extended by config.status, which was
generated by GNU Autoconf 2.69.  Invocation command line was

  CONFIG_FILES    = 
  CONFIG_HEADERS  = 
  CONFIG_LINKS    = 
  CONFIG_COMMANDS = 
  $ ./config.status 

on latitude

config.status:727: creating Makefile

## ---------------- ##
## Cache variables. ##
## ---------------- ##

ac_cv_c_compiler_gnu=yes
ac_cv_env_CC_set=
ac_cv_env_CC_value=
ac_cv_env_CFLAGS_set=
ac_cv_env_CFLAGS_value=
ac_cv_env_CPPFLAGS_set=
ac_cv_env_CPPFLAGS_value=
ac_cv_env_CPP_set=
ac_cv_env_CPP_value=
ac_cv_env_LDFLAGS_set=
ac_cv_env_LDFLAGS_value=
ac_cv_env_LIBS_set=
ac_cv_env_LIBS_value=
ac_cv_env_build_alias_set=
ac_cv_env_build_alias_value=
ac_cv_env_host_alias_set=
ac_cv_env_host_alias_value=
ac_cv_env_target_alias_set=
ac_cv_env_target_alias_value=
ac_cv_func_EVP_aes_128_cbc=yes
ac_cv_func_EVP_aes_256_cbc=yes
ac_cv_func_EVP_bf_cbc=yes
ac_cv_func_EVP_cast5_cbc=yes
ac_cv_func_EVP_des_cbc=yes
ac_cv_func_EVP_desx_cbc=yes
ac_cv_func_EVP_idea_cbc=yes
ac_cv_func_EVP_rc2_cbc=yes
ac_cv_func_EVP_rc4=yes
ac_cv_func_EVP_rc5_32_12_16_cbc=no
ac_cv_func_OpenSSL_add_all_algorithms=no
ac_cv_header_inttypes_h=yes
ac_cv_header_memory_h=yes
ac_cv_header_stdc=yes
ac_cv_header_stdint_h=yes
ac_cv_header_stdlib_h=yes
ac_cv_header_string_h=yes
ac_cv_header_strings_h=yes
ac_cv_header_sys_sendfile_h=yes
ac_cv_header_sys_soundcard_h=yes
ac_cv_header_sys_stat_h=yes
ac_cv_header_sys_types_h=yes
ac_cv_header_unistd_h=yes
ac_cv_lib_c_ptsname_r=yes
ac_cv_lib_crypto_EVP_CIPHER_CTX_init=yes
ac_cv_lib_ssl_SSL_library_init=yes
ac_cv_objext=o
ac_cv_path_EGREP='/bin/grep -E'
ac_cv_path_GREP=/bin/grep
ac_cv_prog_CPP='gcc -E'
ac_cv_prog_ac_ct_CC=gcc
ac_cv_prog_cc_c89=
ac_cv_prog_cc_g=yes
ac_cv_prog_make_make_set=yes
ac_cv_sys_file_offset_bits=64
ac_cv_sys_largefile_CC=no

## ----------------- ##
## Output variables. ##
## ----------------- ##

CC='gcc'
CFLAGS='-g -O2'
CPP='gcc -E'
CPPFLAGS=''
DEFS='-DPACKAGE_NAME=\"\" -DPACKAGE_TARNAME=\"\" -DPACKAGE_VERSION=\"\" -DPACKAGE_STRING=\"\" -DPACKAGE_BUGREPORT=\"\" -DPACKAGE_URL=\"\" -DSTDC_HEADERS=1 -D_FILE_OFFSET_BITS=64 -DHAVE_LIBC=1 -DHAVE_PTSNAME_R=1 -DHAVE_SYS_TYPES_H=1 -DHAVE_SYS_STAT_H=1 -DHAVE_STDLIB_H=1 -DHAVE_STRING_H=1 -DHAVE_MEMORY_H=1 -DHAVE_STRINGS_H=1 -DHAVE_INTTYPES_H=1 -DHAVE_STDINT_H=1 -DHAVE_UNISTD_H=1 -DUSE_SENDFILE=1 -DHAVE_LIBSSL=1 -DHAVE_LIBCRYPTO=1 -DHAVE_EVP_BF_CBC=1 -DHAVE_EVP_RC2_CBC=1 -DHAVE_EVP_RC4=1 -DHAVE_EVP_DES_CBC=1 -DHAVE_EVP_DESX_CBC=1 -DHAVE_EVP_CAST5_CBC=1 -DHAVE_EVP_IDEA_CBC=1 -DHAVE_EVP_AES_128_CBC=1 -DHAVE_EVP_AES_256_CBC=1 -DUSE_OPENSSL_ADD_ALL_ALGORITHMS=1 -DHAVE_OSS=1'
ECHO_C=''
ECHO_N='-n'
ECHO_T=''
EGREP='/bin/grep -E'
EXEEXT=''
GREP='/bin/grep'
LDFLAGS=''
LIBOBJS=''
LIBS='-lcrypto -lssl -lc '
LTLIBOBJS=''
OBJEXT='o'
PACKAGE_BUGREPORT=''
PACKAGE_NAME=''
PACKAGE_STRING=''
PACKAGE_TARNAME=''
PACKAGE_URL=''
PACKAGE_VERSION=''
PATH_SEPARATOR=':'
SET_MAKE=''
SHELL='/bin/sh'
VERSION='0.0.1'
ac_ct_CC='gcc'
bindir='${exec_prefix}/bin'
build_alias=''
datadir='${datarootdir}'
datarootdir='${prefix}/share'
docdir='${datarootdir}/doc/${PACKAGE}'
dvidir='${docdir}'
exec_prefix='${prefix}'
host_alias=''
htmldir='${docdir}'
includedir='${prefix}/include'
infodir='${datarootdir}/info'
libdir='${exec_prefix}/lib'
libexecdir='${exec_prefix}/libexec'
localedir='${datarootdir}/locale'
localstatedir='${prefix}/var'
mandir='${datarootdir}/man'
oldincludedir='/usr/include'
pdfdir='${docdir}'
prefix='/usr/local'
program_transform_name='s,x,x,'
psdir='${docdir}'
sbindir='${exec_prefix}/sbin'
sharedstatedir='${prefix}/com'
sysconfdir='${prefix}/etc'
target_alias=''

## ----------- ##
## confdefs.h. ##
## ----------- ##

/* confdefs.h */
#define PACKAGE_NAME ""
#define PACKAGE_TARNAME ""
#define PACKAGE_VERSION ""
#define PACKAGE_STRING ""
#define PACKAGE_BUGREPORT ""
#define PACKAGE_URL ""
#define STDC_HEADERS 1
#define _FILE_OFFSET_BITS 64
#define HAVE_LIBC 1
#define HAVE_PTSNAME_R 1
#define HAVE_SYS_TYPES_H 1
#define HAVE_SYS_STAT_H 1
#define HAVE_STDLIB_H 1
#define HAVE_STRING_H 1
#define HAVE_MEMORY_H 1
#define HAVE_STRINGS_H 1
#define HAVE_INTTYPES_H 1
#define HAVE_STDINT_H 1
#define HAVE_UNISTD_H 1
#define USE_SENDFILE 1
#define HAVE_LIBSSL 1
#define HAVE_LIBCRYPTO 1
#define HAVE_EVP_BF_CBC 1
#define HAVE_EVP_RC2_CBC 1
#define HAVE_EVP_RC4 1
#define HAVE_EVP_DES_CBC 1
#define HAVE_EVP_DESX_CBC 1
#define HAVE_EVP_CAST5_CBC 1
#define HAVE_EVP_IDEA_CBC 1
#define HAVE_EVP_AES_128_CBC 1
#define HAVE_EVP_AES_256_CBC 1
#define USE_OPENSSL_ADD_ALL_ALGORITHMS 1
#define HAVE_OSS 1

configure: exit 0
